<?xml version="1.0" encoding="UTF-8"?>
<!-- Generated by org.testng.reporters.JUnitReportReporter -->
<testsuite hostname="DESKTOP-9LVJVBF" failures="0" tests="1" name="testpack.TestClass1234" time="0.006" errors="0" timestamp="2022-08-14T08:49:45 IST" skipped="0">
  <testcase classname="testpack.TestClass1234" name="test" time="0.006"/>
  <system-out/>
</testsuite> <!-- testpack.TestClass1234 -->
