<?xml version="1.0" encoding="UTF-8"?>
<!-- Generated by org.testng.reporters.JUnitReportReporter -->
<testsuite hostname="DESKTOP-9LVJVBF" failures="0" tests="3" name="testpack.TestClass2" time="0.017" errors="0" timestamp="2022-08-15T15:53:25 IST" skipped="0">
  <testcase classname="testpack.TestClass2" name="testM" time="0.003"/>
  <system-out/>
  <testcase classname="testpack.TestClass2" name="testD" time="0.004"/>
  <system-out/>
  <testcase classname="testpack.TestClass2" name="testC" time="0.010"/>
  <system-out/>
</testsuite> <!-- testpack.TestClass2 -->
