<?xml version="1.0" encoding="UTF-8"?>
<!-- Generated by org.testng.reporters.JUnitReportReporter -->
<testsuite hostname="DESKTOP-9LVJVBF" failures="0" tests="6" name="testpack.TestClass1" time="0.001" errors="0" timestamp="2022-08-16T17:12:03 IST" skipped="6">
  <testcase classname="testpack.TestClass1" name="testA" time="0.000">
    <skipped/>
  </testcase> <!-- testA -->
  <system-out/>
  <testcase classname="testpack.TestClass1" name="testB" time="0.000">
    <skipped/>
  </testcase> <!-- testB -->
  <system-out/>
  <testcase classname="testpack.TestClass1" name="testA" time="0.000">
    <skipped/>
  </testcase> <!-- testA -->
  <system-out/>
  <testcase classname="testpack.TestClass1" name="testF" time="0.001">
    <skipped/>
  </testcase> <!-- testF -->
  <system-out/>
  <testcase classname="testpack.TestClass1" name="testF" time="0.000">
    <skipped/>
  </testcase> <!-- testF -->
  <system-out/>
  <testcase classname="testpack.TestClass1" name="testB" time="0.000">
    <skipped/>
  </testcase> <!-- testB -->
  <system-out/>
</testsuite> <!-- testpack.TestClass1 -->
