<?xml version="1.0" encoding="UTF-8"?>
<!-- Generated by org.testng.reporters.JUnitReportReporter -->
<testsuite hostname="DESKTOP-9LVJVBF" failures="0" tests="7" name="testpack.testNgkeywords" time="0.029" errors="0" timestamp="2022-08-13T09:51:15 IST" skipped="0">
  <testcase classname="testpack.testNgkeywords" name="testB" time="0.003"/>
  <system-out/>
  <testcase classname="testpack.testNgkeywords" name="testC" time="0.003"/>
  <system-out/>
  <testcase classname="testpack.testNgkeywords" name="testD" time="0.004"/>
  <system-out/>
  <testcase classname="testpack.testNgkeywords" name="testA" time="0.009"/>
  <system-out/>
  <testcase classname="testpack.testNgkeywords" name="testB" time="0.003"/>
  <system-out/>
  <testcase classname="testpack.testNgkeywords" name="testB" time="0.004"/>
  <system-out/>
  <testcase classname="testpack.testNgkeywords" name="testB" time="0.003"/>
  <system-out/>
</testsuite> <!-- testpack.testNgkeywords -->
